  Using 'git status' to determine working set for adaptive non-unity build (E:\programming (zanachki)\UnrealEngine\NigelsExpedition\,\NigelsExpedition).
  Parsing headers for NigelsExpeditionEditor
    Running UnrealHeaderTool "E:\programming (zanachki)\UnrealEngine\NigelsExpedition\,\NigelsExpedition\NigelsExpedition\NigelsExpedition.uproject" "E:\programming (zanachki)\UnrealEngine\NigelsExpedition\,\NigelsExpedition\NigelsExpedition\Intermediate\Build\Win64\NigelsExpeditionEditor\Development\NigelsExpeditionEditor.uhtmanifest" -LogCmds="loginit warning, logexit warning, logdatabase error" -Unattended -WarningsAsErrors -abslog="C:\Users\angel\AppData\Local\UnrealBuildTool\Log_UHT.txt" -installed
  Reflection code generated for NigelsExpeditionEditor in 24,3043412 seconds
  Building NigelsExpeditionEditor...
  Using Visual Studio 2019 14.28.29336 toolchain (C:\Program Files (x86)\Microsoft Visual Studio\2019\Community\VC\Tools\MSVC\14.28.29333) and Windows 10.0.18362.0 SDK (C:\Program Files (x86)\Windows Kits\10).
  Distributing 9 actions to XGE
  --------------------Build System Warning---------------------------------------
  License is invalid:
      License information is invalid. Please try reloading your license file using the Coordinator Monitor application on the Coordinator machine, or reinstall IncrediBuild.
      This build will run in standalone mode.
  
  -------------------------------------------------------------------------------
  --------------------Project: Default-------------------------------------------
  BoxTrigger.cpp (15:46.50 at +0:00)
  ButtonBox.cpp (0:37.04 at +15:46)
  Nigel.cpp (0:33.93 at +16:23)
  BoxTrigger.gen.cpp (0:45.15 at +16:57)
  Nigel.gen.cpp (0:25.34 at +17:42)
  NigelsExpedition.init.gen.cpp (0:01.45 at +18:08)
  UE4Editor-NigelsExpedition-0038.lib (0:01.37 at +18:09)
     Creating library E:\programming (zanachki)\UnrealEngine\NigelsExpedition\,\NigelsExpedition\NigelsExpedition\Intermediate\Build\Win64\UE4Editor\Development\NigelsExpedition\UE4Editor-NigelsExpedition-0038.lib and object E:\programming (zanachki)\UnrealEngine\NigelsExpedition\,\NigelsExpedition\NigelsExpedition\Intermediate\Build\Win64\UE4Editor\Development\NigelsExpedition\UE4Editor-NigelsExpedition-0038.exp
  UE4Editor-NigelsExpedition-0038.dll (0:03.21 at +18:11)
     Creating library E:\programming (zanachki)\UnrealEngine\NigelsExpedition\,\NigelsExpedition\NigelsExpedition\Intermediate\Build\Win64\UE4Editor\Development\NigelsExpedition\UE4Editor-NigelsExpedition-0038.suppressed.lib and object E:\programming (zanachki)\UnrealEngine\NigelsExpedition\,\NigelsExpedition\NigelsExpedition\Intermediate\Build\Win64\UE4Editor\Development\NigelsExpedition\UE4Editor-NigelsExpedition-0038.suppressed.exp
  NigelsExpeditionEditor.target (0:01.11 at +18:14)
  ---------------------- Done ----------------------
  
      Rebuild All: 1 succeeded, 0 failed, 0 skipped
  
  1 build system warning(s):
     - License is invalid
  
  Total time in XGE executor: 1095,59 seconds
  Total execution time: 1121,90 seconds
